2019-11-09 17:19:19 INFO - :::::::::: START ::::::::::
应用成功,访问地址为 http://0.0.0.0:8081
2019-11-09 17:19:28 INFO - >> 查询全部文章
2019-11-09 17:19:28 INFO - 查询全部文章 <<
2019-11-09 17:19:30 INFO - >> 查询机柜数据
2019-11-09 17:19:30 INFO - 查询机柜数据 <<
2019-11-09 17:19:31 INFO - >> 查询机柜数据
2019-11-09 17:19:31 INFO - 查询机柜数据 <<
2019-11-09 17:19:40 INFO - >> 查询机柜数据
2019-11-09 17:19:40 INFO - 查询机柜数据 <<
2019-11-09 17:19:50 INFO - >> 查询机柜数据
2019-11-09 17:19:50 INFO - 查询机柜数据 <<
2019-11-09 17:20:01 INFO - >> 查询机柜数据
2019-11-09 17:20:01 INFO - 查询机柜数据 <<
2019-11-09 17:20:11 INFO - >> 查询机柜数据
2019-11-09 17:20:11 INFO - 查询机柜数据 <<
2019-11-09 17:20:21 INFO - >> 查询机柜数据
2019-11-09 17:20:21 INFO - 查询机柜数据 <<
2019-11-09 17:20:31 INFO - >> 查询机柜数据
2019-11-09 17:20:31 INFO - 查询机柜数据 <<
2019-11-09 17:20:42 INFO - >> 查询机柜数据
2019-11-09 17:20:42 INFO - 查询机柜数据 <<
2019-11-09 17:20:52 INFO - >> 查询机柜数据
2019-11-09 17:20:52 INFO - 查询机柜数据 <<
2019-11-09 17:21:03 INFO - >> 查询机柜数据
2019-11-09 17:21:03 INFO - 查询机柜数据 <<
2019-11-09 17:21:13 INFO - >> 查询机柜数据
2019-11-09 17:21:13 INFO - 查询机柜数据 <<
2019-11-09 17:21:23 INFO - >> 查询机柜数据
2019-11-09 17:21:23 INFO - 查询机柜数据 <<
2019-11-09 17:21:33 INFO - >> 查询机柜数据
2019-11-09 17:21:33 INFO - 查询机柜数据 <<
2019-11-09 17:21:43 INFO - >> 查询机柜数据
2019-11-09 17:21:43 INFO - 查询机柜数据 <<
2019-11-09 17:21:53 INFO - >> 查询机柜数据
2019-11-09 17:21:53 INFO - 查询机柜数据 <<
2019-11-09 17:22:04 INFO - >> 查询机柜数据
2019-11-09 17:22:04 INFO - 查询机柜数据 <<
2019-11-09 17:22:15 INFO - >> 查询机柜数据
2019-11-09 17:22:15 INFO - 查询机柜数据 <<
2019-11-09 17:22:25 INFO - >> 查询机柜数据
2019-11-09 17:22:25 INFO - 查询机柜数据 <<
2019-11-09 17:22:35 INFO - >> 查询机柜数据
2019-11-09 17:22:35 INFO - 查询机柜数据 <<
2019-11-09 17:22:45 INFO - >> 查询机柜数据
2019-11-09 17:22:45 INFO - 查询机柜数据 <<
2019-11-09 17:22:55 INFO - >> 查询机柜数据
2019-11-09 17:22:55 INFO - 查询机柜数据 <<
2019-11-09 17:23:06 INFO - >> 查询机柜数据
2019-11-09 17:23:06 INFO - 查询机柜数据 <<
2019-11-09 17:23:16 INFO - >> 查询机柜数据
2019-11-09 17:23:16 INFO - 查询机柜数据 <<
2019-11-09 17:23:26 INFO - >> 查询机柜数据
2019-11-09 17:23:26 INFO - 查询机柜数据 <<
2019-11-09 17:23:36 INFO - >> 查询机柜数据
2019-11-09 17:23:36 INFO - 查询机柜数据 <<
2019-11-09 17:23:47 INFO - >> 查询机柜数据
2019-11-09 17:23:47 INFO - 查询机柜数据 <<
2019-11-09 17:23:57 INFO - >> 查询机柜数据
2019-11-09 17:23:57 INFO - 查询机柜数据 <<
2019-11-09 17:24:07 INFO - >> 查询机柜数据
2019-11-09 17:24:07 INFO - 查询机柜数据 <<
2019-11-09 17:24:17 INFO - >> 查询机柜数据
2019-11-09 17:24:17 INFO - 查询机柜数据 <<
2019-11-09 17:24:27 INFO - >> 查询机柜数据
2019-11-09 17:24:27 INFO - 查询机柜数据 <<
2019-11-09 17:24:37 INFO - >> 查询机柜数据
2019-11-09 17:24:37 INFO - 查询机柜数据 <<
2019-11-09 17:24:48 INFO - >> 查询机柜数据
2019-11-09 17:24:48 INFO - 查询机柜数据 <<
2019-11-09 17:24:58 INFO - >> 查询机柜数据
2019-11-09 17:24:58 INFO - 查询机柜数据 <<
2019-11-09 17:25:09 INFO - >> 查询机柜数据
2019-11-09 17:25:09 INFO - 查询机柜数据 <<
2019-11-09 17:25:19 INFO - >> 查询机柜数据
2019-11-09 17:25:19 INFO - 查询机柜数据 <<
2019-11-09 17:25:30 INFO - >> 查询机柜数据
2019-11-09 17:25:30 INFO - 查询机柜数据 <<
2019-11-09 17:25:40 INFO - >> 查询机柜数据
2019-11-09 17:25:40 INFO - 查询机柜数据 <<
2019-11-09 17:25:50 INFO - >> 查询机柜数据
2019-11-09 17:25:50 INFO - 查询机柜数据 <<
2019-11-09 17:26:01 INFO - >> 查询机柜数据
2019-11-09 17:26:01 INFO - 查询机柜数据 <<
2019-11-09 17:26:12 INFO - >> 查询机柜数据
2019-11-09 17:26:12 INFO - 查询机柜数据 <<
2019-11-09 17:26:22 INFO - >> 查询机柜数据
2019-11-09 17:26:22 INFO - 查询机柜数据 <<
2019-11-09 17:26:33 INFO - >> 查询机柜数据
2019-11-09 17:26:33 INFO - 查询机柜数据 <<
2019-11-09 17:26:44 INFO - >> 查询机柜数据
2019-11-09 17:26:44 INFO - 查询机柜数据 <<
2019-11-09 17:26:54 INFO - >> 查询机柜数据
2019-11-09 17:26:54 INFO - 查询机柜数据 <<
2019-11-09 17:27:05 INFO - >> 查询机柜数据
2019-11-09 17:27:05 INFO - 查询机柜数据 <<
2019-11-09 17:27:15 INFO - >> 查询机柜数据
2019-11-09 17:27:15 INFO - 查询机柜数据 <<
2019-11-09 17:27:25 INFO - >> 查询机柜数据
2019-11-09 17:27:25 INFO - 查询机柜数据 <<
2019-11-09 17:27:35 INFO - >> 查询机柜数据
2019-11-09 17:27:35 INFO - 查询机柜数据 <<
2019-11-09 17:27:46 INFO - >> 查询机柜数据
2019-11-09 17:27:46 INFO - 查询机柜数据 <<
2019-11-09 17:27:56 INFO - >> 查询机柜数据
2019-11-09 17:27:56 INFO - 查询机柜数据 <<
2019-11-09 17:28:06 INFO - >> 查询机柜数据
2019-11-09 17:28:06 INFO - 查询机柜数据 <<
2019-11-09 17:28:16 INFO - >> 查询机柜数据
2019-11-09 17:28:16 INFO - 查询机柜数据 <<
2019-11-09 17:28:27 INFO - >> 查询机柜数据
2019-11-09 17:28:27 INFO - 查询机柜数据 <<
2019-11-09 17:28:37 INFO - >> 查询机柜数据
2019-11-09 17:28:37 INFO - 查询机柜数据 <<
2019-11-09 17:28:47 INFO - >> 查询机柜数据
2019-11-09 17:28:47 INFO - 查询机柜数据 <<
2019-11-09 17:28:57 INFO - >> 查询机柜数据
2019-11-09 17:28:57 INFO - 查询机柜数据 <<
2019-11-09 17:29:08 INFO - >> 查询机柜数据
2019-11-09 17:29:08 INFO - 查询机柜数据 <<
2019-11-09 17:29:18 INFO - >> 查询机柜数据
2019-11-09 17:29:18 INFO - 查询机柜数据 <<
2019-11-09 17:29:28 INFO - >> 查询机柜数据
2019-11-09 17:29:28 INFO - 查询机柜数据 <<
2019-11-09 17:29:38 INFO - >> 查询机柜数据
2019-11-09 17:29:38 INFO - 查询机柜数据 <<
2019-11-09 17:29:49 INFO - >> 查询机柜数据
2019-11-09 17:29:49 INFO - 查询机柜数据 <<
2019-11-09 17:29:59 INFO - >> 查询机柜数据
2019-11-09 17:29:59 INFO - 查询机柜数据 <<
2019-11-09 17:30:09 INFO - >> 查询机柜数据
2019-11-09 17:30:09 INFO - 查询机柜数据 <<
2019-11-09 17:30:19 INFO - >> 查询机柜数据
2019-11-09 17:30:19 INFO - 查询机柜数据 <<
2019-11-09 17:30:29 INFO - >> 查询机柜数据
2019-11-09 17:30:29 INFO - 查询机柜数据 <<
2019-11-09 17:30:39 INFO - >> 查询机柜数据
2019-11-09 17:30:39 INFO - 查询机柜数据 <<
2019-11-09 17:30:50 INFO - >> 查询机柜数据
2019-11-09 17:30:50 INFO - 查询机柜数据 <<
2019-11-09 17:30:50 INFO - >> 查询机柜数据
2019-11-09 17:30:50 INFO - 查询机柜数据 <<
2019-11-09 17:30:51 INFO - >> 查询机柜数据
2019-11-09 17:30:51 INFO - 查询机柜数据 <<
2019-11-09 17:31:00 INFO - >> 查询机柜数据
2019-11-09 17:31:00 INFO - 查询机柜数据 <<
2019-11-09 17:31:01 INFO - >> 查询机柜数据
2019-11-09 17:31:01 INFO - 查询机柜数据 <<
2019-11-09 17:31:10 INFO - >> 查询机柜数据
2019-11-09 17:31:10 INFO - 查询机柜数据 <<
2019-11-09 17:31:11 INFO - >> 查询机柜数据
2019-11-09 17:31:11 INFO - 查询机柜数据 <<
2019-11-09 17:31:19 INFO - >> 查询机柜数据
2019-11-09 17:31:19 INFO - 查询机柜数据 <<
2019-11-09 17:31:20 INFO - >> 查询机柜数据
2019-11-09 17:31:20 INFO - 查询机柜数据 <<
2019-11-09 17:31:30 INFO - >> 查询机柜数据
2019-11-09 17:31:30 INFO - 查询机柜数据 <<
2019-11-09 17:31:40 INFO - >> 查询机柜数据
2019-11-09 17:31:40 INFO - 查询机柜数据 <<
2019-11-09 17:31:50 INFO - >> 查询机柜数据
2019-11-09 17:31:50 INFO - 查询机柜数据 <<
2019-11-09 17:32:00 INFO - >> 查询机柜数据
2019-11-09 17:32:00 INFO - 查询机柜数据 <<
2019-11-09 17:32:10 INFO - >> 查询机柜数据
2019-11-09 17:32:10 INFO - 查询机柜数据 <<
2019-11-09 17:32:21 INFO - >> 查询机柜数据
2019-11-09 17:32:21 INFO - 查询机柜数据 <<
2019-11-09 17:32:31 INFO - >> 查询机柜数据
2019-11-09 17:32:31 INFO - 查询机柜数据 <<
2019-11-09 17:32:41 INFO - >> 查询机柜数据
2019-11-09 17:32:41 INFO - 查询机柜数据 <<
2019-11-09 17:32:51 INFO - >> 查询机柜数据
2019-11-09 17:32:51 INFO - 查询机柜数据 <<
2019-11-09 17:33:02 INFO - >> 查询机柜数据
2019-11-09 17:33:02 INFO - 查询机柜数据 <<
2019-11-09 17:33:12 INFO - >> 查询机柜数据
2019-11-09 17:33:12 INFO - 查询机柜数据 <<
2019-11-09 17:33:22 INFO - >> 查询机柜数据
2019-11-09 17:33:22 INFO - 查询机柜数据 <<
2019-11-09 17:33:32 INFO - >> 查询机柜数据
2019-11-09 17:33:32 INFO - 查询机柜数据 <<
2019-11-09 17:33:43 INFO - >> 查询机柜数据
2019-11-09 17:33:43 INFO - 查询机柜数据 <<
2019-11-09 17:33:54 INFO - >> 查询机柜数据
2019-11-09 17:33:54 INFO - 查询机柜数据 <<
2019-11-09 17:34:04 INFO - >> 查询机柜数据
2019-11-09 17:34:04 INFO - 查询机柜数据 <<
2019-11-09 17:34:14 INFO - >> 查询机柜数据
2019-11-09 17:34:14 INFO - 查询机柜数据 <<
2019-11-09 17:34:24 INFO - >> 查询机柜数据
2019-11-09 17:34:24 INFO - 查询机柜数据 <<
2019-11-09 17:34:35 INFO - >> 查询机柜数据
2019-11-09 17:34:35 INFO - 查询机柜数据 <<
2019-11-09 17:34:45 INFO - >> 查询机柜数据
2019-11-09 17:34:45 INFO - 查询机柜数据 <<
2019-11-09 17:34:56 INFO - >> 查询机柜数据
2019-11-09 17:34:56 INFO - 查询机柜数据 <<
2019-11-09 17:35:07 INFO - >> 查询机柜数据
2019-11-09 17:35:07 INFO - 查询机柜数据 <<
2019-11-09 17:35:17 INFO - >> 查询机柜数据
2019-11-09 17:35:17 INFO - 查询机柜数据 <<
2019-11-09 17:35:27 INFO - >> 查询机柜数据
2019-11-09 17:35:27 INFO - 查询机柜数据 <<
2019-11-09 17:35:37 INFO - >> 查询机柜数据
2019-11-09 17:35:37 INFO - 查询机柜数据 <<
2019-11-09 17:35:47 INFO - >> 查询机柜数据
2019-11-09 17:35:47 INFO - 查询机柜数据 <<
2019-11-09 17:35:58 INFO - >> 查询机柜数据
2019-11-09 17:35:58 INFO - 查询机柜数据 <<
2019-11-09 17:36:08 INFO - >> 查询机柜数据
2019-11-09 17:36:08 INFO - 查询机柜数据 <<
2019-11-09 17:36:18 INFO - >> 查询机柜数据
2019-11-09 17:36:18 INFO - 查询机柜数据 <<
2019-11-09 17:36:28 INFO - >> 查询机柜数据
2019-11-09 17:36:28 INFO - 查询机柜数据 <<
2019-11-09 17:36:39 INFO - >> 查询机柜数据
2019-11-09 17:36:39 INFO - 查询机柜数据 <<
2019-11-09 17:36:49 INFO - >> 查询机柜数据
2019-11-09 17:36:49 INFO - 查询机柜数据 <<
2019-11-09 17:37:00 INFO - >> 查询机柜数据
2019-11-09 17:37:00 INFO - 查询机柜数据 <<
2019-11-09 17:37:10 INFO - >> 查询机柜数据
2019-11-09 17:37:10 INFO - 查询机柜数据 <<
2019-11-09 17:37:20 INFO - >> 查询机柜数据
2019-11-09 17:37:20 INFO - 查询机柜数据 <<
2019-11-09 17:37:31 INFO - >> 查询机柜数据
2019-11-09 17:37:31 INFO - 查询机柜数据 <<
2019-11-09 17:37:41 INFO - >> 查询机柜数据
2019-11-09 17:37:41 INFO - 查询机柜数据 <<
2019-11-09 17:37:51 INFO - >> 查询机柜数据
2019-11-09 17:37:51 INFO - 查询机柜数据 <<
2019-11-09 17:38:02 INFO - >> 查询机柜数据
2019-11-09 17:38:02 INFO - 查询机柜数据 <<
2019-11-09 17:38:12 INFO - >> 查询机柜数据
2019-11-09 17:38:12 INFO - 查询机柜数据 <<
2019-11-09 17:38:22 INFO - >> 查询机柜数据
2019-11-09 17:38:22 INFO - 查询机柜数据 <<
2019-11-09 17:38:32 INFO - >> 查询机柜数据
2019-11-09 17:38:32 INFO - 查询机柜数据 <<
2019-11-09 17:38:42 INFO - >> 查询机柜数据
2019-11-09 17:38:42 INFO - 查询机柜数据 <<
2019-11-09 17:38:53 INFO - >> 查询机柜数据
2019-11-09 17:38:53 INFO - 查询机柜数据 <<
2019-11-09 17:39:03 INFO - >> 查询机柜数据
2019-11-09 17:39:03 INFO - 查询机柜数据 <<
2019-11-09 17:39:13 INFO - >> 查询机柜数据
2019-11-09 17:39:13 INFO - 查询机柜数据 <<
2019-11-09 17:39:24 INFO - >> 查询机柜数据
2019-11-09 17:39:24 INFO - 查询机柜数据 <<
2019-11-09 17:39:34 INFO - >> 查询机柜数据
2019-11-09 17:39:34 INFO - 查询机柜数据 <<
2019-11-09 17:39:44 INFO - >> 查询机柜数据
2019-11-09 17:39:44 INFO - 查询机柜数据 <<
2019-11-09 17:39:54 INFO - >> 查询机柜数据
2019-11-09 17:39:54 INFO - 查询机柜数据 <<
2019-11-09 17:40:04 INFO - >> 查询机柜数据
2019-11-09 17:40:04 INFO - 查询机柜数据 <<
2019-11-09 17:40:15 INFO - >> 查询机柜数据
2019-11-09 17:40:15 INFO - 查询机柜数据 <<
2019-11-09 17:40:25 INFO - >> 查询机柜数据
2019-11-09 17:40:25 INFO - 查询机柜数据 <<
2019-11-09 17:40:35 INFO - >> 查询机柜数据
2019-11-09 17:40:35 INFO - 查询机柜数据 <<
2019-11-09 17:40:46 INFO - >> 查询机柜数据
2019-11-09 17:40:46 INFO - 查询机柜数据 <<
2019-11-09 17:40:56 INFO - >> 查询机柜数据
2019-11-09 17:40:56 INFO - 查询机柜数据 <<
2019-11-09 17:41:06 INFO - >> 查询机柜数据
2019-11-09 17:41:06 INFO - 查询机柜数据 <<
2019-11-09 17:41:16 INFO - >> 查询机柜数据
2019-11-09 17:41:16 INFO - 查询机柜数据 <<
2019-11-09 17:41:27 INFO - >> 查询机柜数据
2019-11-09 17:41:27 INFO - 查询机柜数据 <<
2019-11-09 17:41:37 INFO - >> 查询机柜数据
2019-11-09 17:41:37 INFO - 查询机柜数据 <<
2019-11-09 17:41:48 INFO - >> 查询机柜数据
2019-11-09 17:41:48 INFO - 查询机柜数据 <<
2019-11-09 17:41:58 INFO - >> 查询机柜数据
2019-11-09 17:41:58 INFO - 查询机柜数据 <<
2019-11-09 17:42:08 INFO - >> 查询机柜数据
2019-11-09 17:42:08 INFO - 查询机柜数据 <<
2019-11-09 17:42:18 INFO - >> 查询机柜数据
2019-11-09 17:42:18 INFO - 查询机柜数据 <<
2019-11-09 17:42:28 INFO - >> 查询机柜数据
2019-11-09 17:42:28 INFO - 查询机柜数据 <<
2019-11-09 17:42:38 INFO - >> 查询机柜数据
2019-11-09 17:42:38 INFO - 查询机柜数据 <<
2019-11-09 17:42:49 INFO - >> 查询机柜数据
2019-11-09 17:42:49 INFO - 查询机柜数据 <<
2019-11-09 17:42:59 INFO - >> 查询机柜数据
2019-11-09 17:42:59 INFO - 查询机柜数据 <<
2019-11-09 17:43:09 INFO - >> 查询机柜数据
2019-11-09 17:43:09 INFO - 查询机柜数据 <<
2019-11-09 17:43:20 INFO - >> 查询机柜数据
2019-11-09 17:43:20 INFO - 查询机柜数据 <<
2019-11-09 17:43:30 INFO - >> 查询机柜数据
2019-11-09 17:43:30 INFO - 查询机柜数据 <<
2019-11-09 17:43:40 INFO - >> 查询机柜数据
2019-11-09 17:43:40 INFO - 查询机柜数据 <<
2019-11-09 17:43:50 INFO - >> 查询机柜数据
2019-11-09 17:43:50 INFO - 查询机柜数据 <<
2019-11-09 17:44:01 INFO - >> 查询机柜数据
2019-11-09 17:44:01 INFO - 查询机柜数据 <<
2019-11-09 17:44:12 INFO - >> 查询机柜数据
2019-11-09 17:44:12 INFO - 查询机柜数据 <<
2019-11-09 17:50:47 INFO - >> 查询全部文章
2019-11-09 17:50:47 INFO - 查询全部文章 <<
2019-11-09 17:50:52 INFO - >> 查询机柜数据
2019-11-09 17:50:52 INFO - 查询机柜数据 <<
2019-11-09 17:50:52 INFO - >> 查询机柜数据
2019-11-09 17:50:52 INFO - 查询机柜数据 <<
2019-11-09 17:51:02 INFO - >> 查询机柜数据
2019-11-09 17:51:02 INFO - 查询机柜数据 <<
2019-11-09 17:51:12 INFO - >> 查询机柜数据
2019-11-09 17:51:12 INFO - 查询机柜数据 <<
2019-11-09 17:51:22 INFO - >> 查询机柜数据
2019-11-09 17:51:22 INFO - 查询机柜数据 <<
2019-11-09 17:51:32 INFO - >> 查询机柜数据
2019-11-09 17:51:32 INFO - 查询机柜数据 <<
2019-11-09 17:51:42 INFO - >> 查询机柜数据
2019-11-09 17:51:42 INFO - 查询机柜数据 <<
2019-11-09 17:51:53 INFO - >> 查询机柜数据
2019-11-09 17:51:53 INFO - 查询机柜数据 <<
2019-11-09 17:52:02 INFO - >> 查询机柜数据
2019-11-09 17:52:02 INFO - 查询机柜数据 <<
2019-11-09 17:52:12 INFO - >> 查询机柜数据
2019-11-09 17:52:12 INFO - 查询机柜数据 <<
2019-11-09 17:52:22 INFO - >> 查询机柜数据
2019-11-09 17:52:22 INFO - 查询机柜数据 <<
2019-11-09 17:52:32 INFO - >> 查询机柜数据
2019-11-09 17:52:32 INFO - 查询机柜数据 <<
2019-11-09 17:52:42 INFO - >> 查询机柜数据
2019-11-09 17:52:42 INFO - 查询机柜数据 <<
2019-11-09 17:52:52 INFO - >> 查询机柜数据
2019-11-09 17:52:52 INFO - 查询机柜数据 <<
2019-11-09 17:53:02 INFO - >> 查询机柜数据
2019-11-09 17:53:02 INFO - 查询机柜数据 <<
2019-11-09 17:53:12 INFO - >> 查询机柜数据
2019-11-09 17:53:12 INFO - 查询机柜数据 <<
2019-11-09 17:53:22 INFO - >> 查询机柜数据
2019-11-09 17:53:22 INFO - 查询机柜数据 <<
2019-11-09 17:53:32 INFO - >> 查询机柜数据
2019-11-09 17:53:32 INFO - 查询机柜数据 <<
2019-11-09 17:53:42 INFO - >> 查询机柜数据
2019-11-09 17:53:42 INFO - 查询机柜数据 <<
2019-11-09 17:53:52 INFO - >> 查询机柜数据
2019-11-09 17:53:52 INFO - 查询机柜数据 <<
2019-11-09 17:54:02 INFO - >> 查询机柜数据
2019-11-09 17:54:02 INFO - 查询机柜数据 <<
2019-11-09 17:54:12 INFO - >> 查询机柜数据
2019-11-09 17:54:12 INFO - 查询机柜数据 <<
2019-11-09 17:54:22 INFO - >> 查询机柜数据
2019-11-09 17:54:22 INFO - 查询机柜数据 <<
2019-11-09 17:54:32 INFO - >> 查询机柜数据
2019-11-09 17:54:32 INFO - 查询机柜数据 <<
2019-11-09 17:54:42 INFO - >> 查询机柜数据
2019-11-09 17:54:42 INFO - 查询机柜数据 <<
2019-11-09 17:54:52 INFO - >> 查询机柜数据
2019-11-09 17:54:52 INFO - 查询机柜数据 <<
2019-11-09 17:55:02 INFO - >> 查询机柜数据
2019-11-09 17:55:02 INFO - 查询机柜数据 <<
2019-11-09 17:55:12 INFO - >> 查询机柜数据
2019-11-09 17:55:12 INFO - 查询机柜数据 <<
2019-11-09 17:55:22 INFO - >> 查询机柜数据
2019-11-09 17:55:22 INFO - 查询机柜数据 <<
2019-11-09 17:55:32 INFO - >> 查询机柜数据
2019-11-09 17:55:32 INFO - 查询机柜数据 <<
2019-11-09 17:55:42 INFO - >> 查询机柜数据
2019-11-09 17:55:42 INFO - 查询机柜数据 <<
2019-11-09 17:55:52 INFO - >> 查询机柜数据
2019-11-09 17:55:52 INFO - 查询机柜数据 <<
2019-11-09 17:56:02 INFO - >> 查询机柜数据
2019-11-09 17:56:02 INFO - 查询机柜数据 <<
2019-11-09 17:56:12 INFO - >> 查询机柜数据
2019-11-09 17:56:12 INFO - 查询机柜数据 <<
2019-11-09 17:56:22 INFO - >> 查询机柜数据
2019-11-09 17:56:22 INFO - 查询机柜数据 <<
2019-11-09 17:56:32 INFO - >> 查询机柜数据
2019-11-09 17:56:32 INFO - 查询机柜数据 <<
2019-11-09 17:56:42 INFO - >> 查询机柜数据
2019-11-09 17:56:42 INFO - 查询机柜数据 <<
2019-11-09 17:56:52 INFO - >> 查询机柜数据
2019-11-09 17:56:52 INFO - 查询机柜数据 <<
2019-11-09 17:57:02 INFO - >> 查询机柜数据
2019-11-09 17:57:02 INFO - 查询机柜数据 <<
2019-11-09 17:57:12 INFO - >> 查询机柜数据
2019-11-09 17:57:12 INFO - 查询机柜数据 <<
2019-11-09 17:57:22 INFO - >> 查询机柜数据
2019-11-09 17:57:22 INFO - 查询机柜数据 <<
2019-11-09 17:57:32 INFO - >> 查询机柜数据
2019-11-09 17:57:32 INFO - 查询机柜数据 <<
2019-11-09 17:57:42 INFO - >> 查询机柜数据
2019-11-09 17:57:42 INFO - 查询机柜数据 <<
2019-11-09 17:57:52 INFO - >> 查询机柜数据
2019-11-09 17:57:52 INFO - 查询机柜数据 <<
2019-11-09 17:58:02 INFO - >> 查询机柜数据
2019-11-09 17:58:02 INFO - 查询机柜数据 <<
2019-11-09 17:58:12 INFO - >> 查询机柜数据
2019-11-09 17:58:12 INFO - 查询机柜数据 <<
2019-11-09 17:58:22 INFO - >> 查询机柜数据
2019-11-09 17:58:22 INFO - 查询机柜数据 <<
2019-11-09 18:54:22 INFO - >> 查询全部文章
2019-11-09 18:54:22 INFO - 查询全部文章 <<
2019-11-09 18:55:02 INFO - >> 查询全部文章
2019-11-09 18:55:02 INFO - 查询全部文章 <<
2019-11-09 18:55:33 INFO - >> 查询机柜数据
2019-11-09 18:55:33 INFO - 查询机柜数据 <<
2019-11-09 18:55:34 INFO - >> 查询机柜数据
2019-11-09 18:55:34 INFO - 查询机柜数据 <<
2019-11-09 18:55:43 INFO - >> 查询机柜数据
2019-11-09 18:55:43 INFO - 查询机柜数据 <<
2019-11-09 18:55:53 INFO - >> 查询全部文章
2019-11-09 18:55:53 INFO - 查询全部文章 <<
2019-11-09 18:55:53 INFO - >> 查询机柜数据
2019-11-09 18:55:53 INFO - 查询机柜数据 <<
2019-11-09 18:55:54 INFO - >> 查询单篇文章
2019-11-09 18:55:54 INFO - 查询单篇文章 <<
2019-11-09 18:55:54 DEBUG - { _id: 5dbef5da93041431cca7cf25, flag: 0 }
2019-11-09 18:55:57 INFO - >> 查询全部文章
2019-11-09 18:55:57 INFO - 查询全部文章 <<
2019-11-09 18:56:04 INFO - >> 查询机柜数据
2019-11-09 18:56:04 INFO - 查询机柜数据 <<
2019-11-09 18:56:13 INFO - >> 查询机柜数据
2019-11-09 18:56:13 INFO - 查询机柜数据 <<
2019-11-09 18:56:23 INFO - >> 查询机柜数据
2019-11-09 18:56:23 INFO - 查询机柜数据 <<
2019-11-09 18:56:34 INFO - >> 查询机柜数据
2019-11-09 18:56:34 INFO - 查询机柜数据 <<
2019-11-09 18:56:43 INFO - >> 查询机柜数据
2019-11-09 18:56:43 INFO - 查询机柜数据 <<
2019-11-09 18:56:54 INFO - >> 查询机柜数据
2019-11-09 18:56:54 INFO - 查询机柜数据 <<
2019-11-09 18:57:03 INFO - >> 查询机柜数据
2019-11-09 18:57:03 INFO - 查询机柜数据 <<
2019-11-09 18:57:14 INFO - >> 查询机柜数据
2019-11-09 18:57:14 INFO - 查询机柜数据 <<
2019-11-09 18:57:23 INFO - >> 查询机柜数据
2019-11-09 18:57:23 INFO - 查询机柜数据 <<
2019-11-09 18:57:34 INFO - >> 查询机柜数据
2019-11-09 18:57:34 INFO - 查询机柜数据 <<
2019-11-09 18:57:43 INFO - >> 查询机柜数据
2019-11-09 18:57:43 INFO - 查询机柜数据 <<
2019-11-09 18:57:54 INFO - >> 查询机柜数据
2019-11-09 18:57:54 INFO - 查询机柜数据 <<
2019-11-09 18:58:03 INFO - >> 查询机柜数据
2019-11-09 18:58:03 INFO - 查询机柜数据 <<
2019-11-09 18:58:14 INFO - >> 查询机柜数据
2019-11-09 18:58:14 INFO - 查询机柜数据 <<
2019-11-09 18:58:23 INFO - >> 查询机柜数据
2019-11-09 18:58:23 INFO - 查询机柜数据 <<
2019-11-09 18:58:34 INFO - >> 查询机柜数据
2019-11-09 18:58:34 INFO - 查询机柜数据 <<
2019-11-09 18:58:43 INFO - >> 查询机柜数据
2019-11-09 18:58:43 INFO - 查询机柜数据 <<
2019-11-09 18:58:54 INFO - >> 查询机柜数据
2019-11-09 18:58:54 INFO - 查询机柜数据 <<
2019-11-09 18:59:03 INFO - >> 查询机柜数据
2019-11-09 18:59:03 INFO - 查询机柜数据 <<
2019-11-09 18:59:14 INFO - >> 查询机柜数据
2019-11-09 18:59:14 INFO - 查询机柜数据 <<
2019-11-09 18:59:23 INFO - >> 查询机柜数据
2019-11-09 18:59:23 INFO - 查询机柜数据 <<
2019-11-09 18:59:34 INFO - >> 查询机柜数据
2019-11-09 18:59:34 INFO - 查询机柜数据 <<
2019-11-09 18:59:43 INFO - >> 查询机柜数据
2019-11-09 18:59:43 INFO - 查询机柜数据 <<
2019-11-09 18:59:54 INFO - >> 查询机柜数据
2019-11-09 18:59:54 INFO - 查询机柜数据 <<
2019-11-09 18:59:59 INFO - >> 查询全部文章
2019-11-09 18:59:59 INFO - 查询全部文章 <<
2019-11-09 19:00:03 INFO - >> 查询机柜数据
2019-11-09 19:00:03 INFO - 查询机柜数据 <<
2019-11-09 19:00:14 INFO - >> 查询机柜数据
2019-11-09 19:00:14 INFO - 查询机柜数据 <<
2019-11-09 19:00:23 INFO - >> 查询机柜数据
2019-11-09 19:00:23 INFO - 查询机柜数据 <<
2019-11-09 19:00:34 INFO - >> 查询机柜数据
2019-11-09 19:00:34 INFO - 查询机柜数据 <<
2019-11-09 19:00:43 INFO - >> 查询机柜数据
2019-11-09 19:00:43 INFO - 查询机柜数据 <<
2019-11-09 19:00:54 INFO - >> 查询机柜数据
2019-11-09 19:00:54 INFO - 查询机柜数据 <<
2019-11-09 19:01:03 INFO - >> 查询机柜数据
2019-11-09 19:01:03 INFO - 查询机柜数据 <<
2019-11-09 19:01:14 INFO - >> 查询机柜数据
2019-11-09 19:01:14 INFO - 查询机柜数据 <<
2019-11-09 19:01:23 INFO - >> 查询机柜数据
2019-11-09 19:01:23 INFO - 查询机柜数据 <<
2019-11-09 19:01:34 INFO - >> 查询机柜数据
2019-11-09 19:01:34 INFO - 查询机柜数据 <<
2019-11-09 19:01:43 INFO - >> 查询机柜数据
2019-11-09 19:01:43 INFO - 查询机柜数据 <<
2019-11-09 19:01:54 INFO - >> 查询机柜数据
2019-11-09 19:01:54 INFO - 查询机柜数据 <<
2019-11-09 19:02:03 INFO - >> 查询机柜数据
2019-11-09 19:02:03 INFO - 查询机柜数据 <<
2019-11-09 19:02:14 INFO - >> 查询机柜数据
2019-11-09 19:02:14 INFO - 查询机柜数据 <<
2019-11-09 19:02:23 INFO - >> 查询机柜数据
2019-11-09 19:02:23 INFO - 查询机柜数据 <<
2019-11-09 19:02:34 INFO - >> 查询机柜数据
2019-11-09 19:02:34 INFO - 查询机柜数据 <<
2019-11-09 19:02:43 INFO - >> 查询机柜数据
2019-11-09 19:02:43 INFO - 查询机柜数据 <<
2019-11-09 19:02:54 INFO - >> 查询机柜数据
2019-11-09 19:02:54 INFO - 查询机柜数据 <<
2019-11-09 19:03:03 INFO - >> 查询机柜数据
2019-11-09 19:03:03 INFO - 查询机柜数据 <<
2019-11-09 19:03:14 INFO - >> 查询机柜数据
2019-11-09 19:03:14 INFO - 查询机柜数据 <<
2019-11-09 19:03:23 INFO - >> 查询机柜数据
2019-11-09 19:03:23 INFO - 查询机柜数据 <<
2019-11-09 19:03:34 INFO - >> 查询机柜数据
2019-11-09 19:03:34 INFO - 查询机柜数据 <<
2019-11-09 19:03:43 INFO - >> 查询机柜数据
2019-11-09 19:03:43 INFO - 查询机柜数据 <<
2019-11-09 19:03:51 INFO - >> 查询全部文章
2019-11-09 19:03:51 INFO - 查询全部文章 <<
2019-11-09 19:03:53 INFO - >> 查询机柜数据
2019-11-09 19:03:53 INFO - 查询机柜数据 <<
2019-11-09 19:03:56 INFO - >> 查询全部文章
2019-11-09 19:03:56 INFO - 查询全部文章 <<
2019-11-09 19:04:03 INFO - >> 查询机柜数据
2019-11-09 19:04:03 INFO - 查询机柜数据 <<
2019-11-09 19:04:04 INFO - >> 查询全部文章
2019-11-09 19:04:04 INFO - 查询全部文章 <<
2019-11-09 19:04:06 INFO - >> 查询全部文章
2019-11-09 19:04:06 INFO - 查询全部文章 <<
2019-11-09 19:04:13 INFO - >> 查询机柜数据
2019-11-09 19:04:13 INFO - 查询机柜数据 <<
2019-11-09 19:04:24 INFO - >> 查询机柜数据
2019-11-09 19:04:24 INFO - 查询机柜数据 <<
2019-11-09 19:04:33 INFO - >> 查询机柜数据
2019-11-09 19:04:33 INFO - 查询机柜数据 <<
2019-11-09 19:04:44 INFO - >> 查询机柜数据
2019-11-09 19:04:44 INFO - 查询机柜数据 <<
2019-11-09 19:04:53 INFO - >> 查询机柜数据
2019-11-09 19:04:53 INFO - 查询机柜数据 <<
2019-11-09 19:05:04 INFO - >> 查询机柜数据
2019-11-09 19:05:04 INFO - 查询机柜数据 <<
2019-11-09 19:05:13 INFO - >> 查询机柜数据
2019-11-09 19:05:13 INFO - 查询机柜数据 <<
2019-11-09 19:05:24 INFO - >> 查询机柜数据
2019-11-09 19:05:24 INFO - 查询机柜数据 <<
2019-11-09 19:05:33 INFO - >> 查询机柜数据
2019-11-09 19:05:33 INFO - 查询机柜数据 <<
2019-11-09 19:05:44 INFO - >> 查询机柜数据
2019-11-09 19:05:44 INFO - 查询机柜数据 <<
2019-11-09 19:05:53 INFO - >> 查询机柜数据
2019-11-09 19:05:53 INFO - 查询机柜数据 <<
2019-11-09 19:06:04 INFO - >> 查询机柜数据
2019-11-09 19:06:04 INFO - 查询机柜数据 <<
2019-11-09 19:06:13 INFO - >> 查询机柜数据
2019-11-09 19:06:13 INFO - 查询机柜数据 <<
2019-11-09 19:06:24 INFO - >> 查询机柜数据
2019-11-09 19:06:24 INFO - 查询机柜数据 <<
2019-11-09 19:06:33 INFO - >> 查询机柜数据
2019-11-09 19:06:33 INFO - 查询机柜数据 <<
2019-11-09 19:06:44 INFO - >> 查询机柜数据
2019-11-09 19:06:44 INFO - 查询机柜数据 <<
2019-11-09 19:06:53 INFO - >> 查询机柜数据
2019-11-09 19:06:53 INFO - 查询机柜数据 <<
2019-11-09 19:07:04 INFO - >> 查询机柜数据
2019-11-09 19:07:04 INFO - 查询机柜数据 <<
2019-11-09 19:07:14 INFO - >> 查询机柜数据
2019-11-09 19:07:14 INFO - 查询机柜数据 <<
2019-11-09 19:07:24 INFO - >> 查询机柜数据
2019-11-09 19:07:24 INFO - 查询机柜数据 <<
2019-11-09 19:07:34 INFO - >> 查询机柜数据
2019-11-09 19:07:34 INFO - 查询机柜数据 <<
2019-11-09 19:07:44 INFO - >> 查询机柜数据
2019-11-09 19:07:44 INFO - 查询机柜数据 <<
2019-11-09 19:07:54 INFO - >> 查询机柜数据
2019-11-09 19:07:54 INFO - 查询机柜数据 <<
2019-11-09 19:08:04 INFO - >> 查询机柜数据
2019-11-09 19:08:04 INFO - 查询机柜数据 <<
2019-11-09 19:08:14 INFO - >> 查询机柜数据
2019-11-09 19:08:14 INFO - 查询机柜数据 <<
2019-11-09 19:08:24 INFO - >> 查询机柜数据
2019-11-09 19:08:24 INFO - 查询机柜数据 <<
2019-11-09 19:08:34 INFO - >> 查询机柜数据
2019-11-09 19:08:34 INFO - 查询机柜数据 <<
2019-11-09 19:08:44 INFO - >> 查询机柜数据
2019-11-09 19:08:44 INFO - 查询机柜数据 <<
2019-11-09 19:08:54 INFO - >> 查询机柜数据
2019-11-09 19:08:54 INFO - 查询机柜数据 <<
2019-11-09 19:09:04 INFO - >> 查询机柜数据
2019-11-09 19:09:04 INFO - 查询机柜数据 <<
2019-11-09 19:09:14 INFO - >> 查询机柜数据
2019-11-09 19:09:14 INFO - 查询机柜数据 <<
2019-11-09 19:09:24 INFO - >> 查询机柜数据
2019-11-09 19:09:24 INFO - 查询机柜数据 <<
2019-11-09 19:09:34 INFO - >> 查询机柜数据
2019-11-09 19:09:34 INFO - 查询机柜数据 <<
2019-11-09 19:09:44 INFO - >> 查询机柜数据
2019-11-09 19:09:44 INFO - 查询机柜数据 <<
2019-11-09 19:09:54 INFO - >> 查询机柜数据
2019-11-09 19:09:54 INFO - 查询机柜数据 <<
2019-11-09 19:10:04 INFO - >> 查询机柜数据
2019-11-09 19:10:04 INFO - 查询机柜数据 <<
2019-11-09 19:10:14 INFO - >> 查询机柜数据
2019-11-09 19:10:14 INFO - 查询机柜数据 <<
2019-11-09 19:10:24 INFO - >> 查询机柜数据
2019-11-09 19:10:24 INFO - 查询机柜数据 <<
2019-11-09 19:10:34 INFO - >> 查询机柜数据
2019-11-09 19:10:34 INFO - 查询机柜数据 <<
2019-11-09 19:10:44 INFO - >> 查询机柜数据
2019-11-09 19:10:44 INFO - 查询机柜数据 <<
2019-11-09 19:11:31 INFO - >> 查询全部文章
2019-11-09 19:11:31 INFO - 查询全部文章 <<
2019-11-09 19:16:20 INFO - >> 查询全部文章
2019-11-09 19:16:20 INFO - 查询全部文章 <<
2019-11-09 19:16:21 INFO - >> 查询全部文章
2019-11-09 19:16:21 INFO - 查询全部文章 <<
2019-11-09 19:16:21 INFO - >> 查询全部文章
2019-11-09 19:16:21 INFO - 查询全部文章 <<
2019-11-09 19:16:35 INFO - >> 查询全部文章
2019-11-09 19:16:35 INFO - 查询全部文章 <<
2019-11-09 19:19:20 INFO - >> 查询全部文章
2019-11-09 19:19:20 INFO - 查询全部文章 <<
2019-11-09 19:21:00 INFO - >> 查询全部文章
2019-11-09 19:21:00 INFO - 查询全部文章 <<
2019-11-09 19:22:04 INFO - >> 查询全部文章
2019-11-09 19:22:04 INFO - 查询全部文章 <<
2019-11-09 20:15:50 INFO - >> 查询全部文章
2019-11-09 20:15:50 INFO - 查询全部文章 <<
2019-11-09 20:15:51 INFO - >> 查询全部文章
2019-11-09 20:15:51 INFO - 查询全部文章 <<
2019-11-09 20:16:23 INFO - >> 查询全部文章
2019-11-09 20:16:23 INFO - 查询全部文章 <<
2019-11-09 20:16:33 INFO - >> 查询全部文章
2019-11-09 20:16:33 INFO - 查询全部文章 <<
2019-11-09 20:16:45 INFO - >> 查询机柜数据
2019-11-09 20:16:45 INFO - 查询机柜数据 <<
2019-11-09 20:16:46 INFO - >> 查询机柜数据
2019-11-09 20:16:46 INFO - 查询机柜数据 <<
2019-11-09 20:16:55 INFO - >> 查询机柜数据
2019-11-09 20:16:55 INFO - 查询机柜数据 <<
2019-11-09 20:17:08 INFO - >> 查询机柜数据
2019-11-09 20:17:08 INFO - 查询机柜数据 <<
2019-11-09 20:17:17 INFO - >> 查询机柜数据
2019-11-09 20:17:17 INFO - 查询机柜数据 <<
2019-11-09 20:17:28 INFO - >> 查询机柜数据
2019-11-09 20:17:28 INFO - 查询机柜数据 <<
2019-11-09 20:17:37 INFO - >> 查询机柜数据
2019-11-09 20:17:37 INFO - 查询机柜数据 <<
2019-11-09 20:17:44 INFO - >> 查询全部文章
2019-11-09 20:17:44 INFO - 查询全部文章 <<
2019-11-09 20:17:46 INFO - >> 查询全部文章
2019-11-09 20:17:46 INFO - 查询全部文章 <<
2019-11-09 20:17:53 INFO - >> 查询机柜数据
2019-11-09 20:17:53 INFO - 查询机柜数据 <<
2019-11-09 20:17:53 INFO - >> 查询机柜数据
2019-11-09 20:17:53 INFO - 查询机柜数据 <<
2019-11-09 20:18:01 INFO - >> 查询机柜数据
2019-11-09 20:18:01 INFO - 查询机柜数据 <<
2019-11-09 20:18:03 INFO - >> 查询机柜数据
2019-11-09 20:18:03 INFO - 查询机柜数据 <<
2019-11-09 20:18:13 INFO - >> 查询机柜数据
2019-11-09 20:18:13 INFO - 查询机柜数据 <<
2019-11-09 20:18:18 INFO - >> 查询全部文章
2019-11-09 20:18:18 INFO - 查询全部文章 <<
2019-11-09 20:18:23 INFO - >> 查询机柜数据
2019-11-09 20:18:23 INFO - 查询机柜数据 <<
2019-11-09 20:18:33 INFO - >> 查询机柜数据
2019-11-09 20:18:33 INFO - 查询机柜数据 <<
2019-11-09 20:18:43 INFO - >> 查询机柜数据
2019-11-09 20:18:43 INFO - 查询机柜数据 <<
2019-11-09 20:18:53 INFO - >> 查询机柜数据
2019-11-09 20:18:53 INFO - 查询机柜数据 <<
2019-11-09 20:19:23 INFO - >> 查询机柜数据
2019-11-09 20:19:23 INFO - 查询机柜数据 <<
2019-11-09 20:19:33 INFO - >> 查询机柜数据
2019-11-09 20:19:33 INFO - 查询机柜数据 <<
2019-11-09 20:19:33 INFO - >> 查询机柜数据
2019-11-09 20:19:33 INFO - 查询机柜数据 <<
2019-11-09 20:20:53 INFO - >> 查询机柜数据
2019-11-09 20:20:53 INFO - 查询机柜数据 <<
2019-11-09 20:21:06 INFO - >> 查询机柜数据
2019-11-09 20:21:06 INFO - 查询机柜数据 <<
2019-11-09 20:21:16 INFO - >> 查询机柜数据
2019-11-09 20:21:16 INFO - 查询机柜数据 <<
2019-11-09 20:21:26 INFO - >> 查询机柜数据
2019-11-09 20:21:26 INFO - 查询机柜数据 <<
2019-11-09 20:21:36 INFO - >> 查询机柜数据
2019-11-09 20:21:36 INFO - 查询机柜数据 <<
2019-11-09 20:21:46 INFO - >> 查询机柜数据
2019-11-09 20:21:46 INFO - 查询机柜数据 <<
2019-11-09 20:21:59 INFO - >> 查询机柜数据
2019-11-09 20:21:59 INFO - 查询机柜数据 <<
2019-11-09 20:22:08 INFO - >> 查询机柜数据
2019-11-09 20:22:08 INFO - 查询机柜数据 <<
2019-11-09 20:27:35 INFO - >> 查询全部文章
2019-11-09 20:27:35 INFO - 查询全部文章 <<
2019-11-09 20:27:41 INFO - >> 查询全部文章
2019-11-09 20:27:41 INFO - 查询全部文章 <<
2019-11-09 20:27:51 INFO - >> 查询机柜数据
2019-11-09 20:27:51 INFO - 查询机柜数据 <<
2019-11-09 20:27:51 INFO - >> 查询机柜数据
2019-11-09 20:27:51 INFO - 查询机柜数据 <<
2019-11-09 20:28:01 INFO - >> 查询机柜数据
2019-11-09 20:28:01 INFO - 查询机柜数据 <<
2019-11-09 20:28:11 INFO - >> 查询机柜数据
2019-11-09 20:28:11 INFO - 查询机柜数据 <<
2019-11-09 20:28:21 INFO - >> 查询机柜数据
2019-11-09 20:28:21 INFO - 查询机柜数据 <<
2019-11-09 20:28:31 INFO - >> 查询机柜数据
2019-11-09 20:28:31 INFO - 查询机柜数据 <<
2019-11-09 20:28:41 INFO - >> 查询机柜数据
2019-11-09 20:28:41 INFO - 查询机柜数据 <<
2019-11-09 20:28:52 INFO - >> 查询机柜数据
2019-11-09 20:28:52 INFO - 查询机柜数据 <<
2019-11-09 20:29:01 INFO - >> 查询机柜数据
2019-11-09 20:29:01 INFO - 查询机柜数据 <<
2019-11-09 20:29:12 INFO - >> 查询机柜数据
2019-11-09 20:29:12 INFO - 查询机柜数据 <<
2019-11-09 20:29:22 INFO - >> 查询机柜数据
2019-11-09 20:29:22 INFO - 查询机柜数据 <<
2019-11-09 20:29:32 INFO - >> 查询机柜数据
2019-11-09 20:29:32 INFO - 查询机柜数据 <<
2019-11-09 20:29:42 INFO - >> 查询机柜数据
2019-11-09 20:29:42 INFO - 查询机柜数据 <<
2019-11-09 20:29:52 INFO - >> 查询机柜数据
2019-11-09 20:29:52 INFO - 查询机柜数据 <<
2019-11-09 20:30:02 INFO - >> 查询机柜数据
2019-11-09 20:30:02 INFO - 查询机柜数据 <<
2019-11-09 20:30:12 INFO - >> 查询机柜数据
2019-11-09 20:30:12 INFO - 查询机柜数据 <<
2019-11-09 20:30:22 INFO - >> 查询机柜数据
2019-11-09 20:30:22 INFO - 查询机柜数据 <<
2019-11-09 20:30:32 INFO - >> 查询机柜数据
2019-11-09 20:30:32 INFO - 查询机柜数据 <<
2019-11-09 20:30:42 INFO - >> 查询机柜数据
2019-11-09 20:30:42 INFO - 查询机柜数据 <<
2019-11-09 20:30:53 INFO - >> 查询机柜数据
2019-11-09 20:30:53 INFO - 查询机柜数据 <<
2019-11-09 20:31:02 INFO - >> 查询机柜数据
2019-11-09 20:31:02 INFO - 查询机柜数据 <<
2019-11-09 20:31:13 INFO - >> 查询机柜数据
2019-11-09 20:31:13 INFO - 查询机柜数据 <<
2019-11-09 20:31:23 INFO - >> 查询机柜数据
2019-11-09 20:31:23 INFO - 查询机柜数据 <<
2019-11-09 20:31:33 INFO - >> 查询机柜数据
2019-11-09 20:31:33 INFO - 查询机柜数据 <<
2019-11-09 20:31:43 INFO - >> 查询机柜数据
2019-11-09 20:31:43 INFO - 查询机柜数据 <<
2019-11-09 20:31:53 INFO - >> 查询机柜数据
2019-11-09 20:31:53 INFO - 查询机柜数据 <<
2019-11-09 20:32:03 INFO - >> 查询机柜数据
2019-11-09 20:32:03 INFO - 查询机柜数据 <<
2019-11-09 20:32:13 INFO - >> 查询机柜数据
2019-11-09 20:32:13 INFO - 查询机柜数据 <<
2019-11-09 20:32:23 INFO - >> 查询机柜数据
2019-11-09 20:32:23 INFO - 查询机柜数据 <<
2019-11-09 20:32:34 INFO - >> 查询机柜数据
2019-11-09 20:32:34 INFO - 查询机柜数据 <<
2019-11-09 20:32:43 INFO - >> 查询机柜数据
2019-11-09 20:32:43 INFO - 查询机柜数据 <<
2019-11-09 20:32:54 INFO - >> 查询机柜数据
2019-11-09 20:32:54 INFO - 查询机柜数据 <<
2019-11-09 20:33:04 INFO - >> 查询机柜数据
2019-11-09 20:33:04 INFO - 查询机柜数据 <<
2019-11-09 20:33:14 INFO - >> 查询机柜数据
2019-11-09 20:33:14 INFO - 查询机柜数据 <<
2019-11-09 20:33:24 INFO - >> 查询机柜数据
2019-11-09 20:33:24 INFO - 查询机柜数据 <<
2019-11-09 20:33:34 INFO - >> 查询机柜数据
2019-11-09 20:33:34 INFO - 查询机柜数据 <<
2019-11-09 20:33:44 INFO - >> 查询机柜数据
2019-11-09 20:33:44 INFO - 查询机柜数据 <<
2019-11-09 20:33:54 INFO - >> 查询机柜数据
2019-11-09 20:33:54 INFO - 查询机柜数据 <<
2019-11-09 20:34:04 INFO - >> 查询机柜数据
2019-11-09 20:34:04 INFO - 查询机柜数据 <<
2019-11-09 20:34:15 INFO - >> 查询机柜数据
2019-11-09 20:34:15 INFO - 查询机柜数据 <<
2019-11-09 20:34:24 INFO - >> 查询机柜数据
2019-11-09 20:34:24 INFO - 查询机柜数据 <<
2019-11-09 20:34:35 INFO - >> 查询机柜数据
2019-11-09 20:34:35 INFO - 查询机柜数据 <<
2019-11-09 20:34:45 INFO - >> 查询机柜数据
2019-11-09 20:34:45 INFO - 查询机柜数据 <<
2019-11-09 20:34:55 INFO - >> 查询机柜数据
2019-11-09 20:34:55 INFO - 查询机柜数据 <<
2019-11-09 20:35:05 INFO - >> 查询机柜数据
2019-11-09 20:35:05 INFO - 查询机柜数据 <<
2019-11-09 20:35:15 INFO - >> 查询机柜数据
2019-11-09 20:35:15 INFO - 查询机柜数据 <<
2019-11-09 20:35:25 INFO - >> 查询机柜数据
2019-11-09 20:35:25 INFO - 查询机柜数据 <<
2019-11-09 20:35:36 INFO - >> 查询机柜数据
2019-11-09 20:35:36 INFO - 查询机柜数据 <<
2019-11-09 20:35:45 INFO - >> 查询机柜数据
2019-11-09 20:35:45 INFO - 查询机柜数据 <<
2019-11-09 20:35:56 INFO - >> 查询机柜数据
2019-11-09 20:35:56 INFO - 查询机柜数据 <<
2019-11-09 20:36:06 INFO - >> 查询机柜数据
2019-11-09 20:36:06 INFO - 查询机柜数据 <<
2019-11-09 20:36:16 INFO - >> 查询机柜数据
2019-11-09 20:36:16 INFO - 查询机柜数据 <<
2019-11-09 20:36:26 INFO - >> 查询机柜数据
2019-11-09 20:36:26 INFO - 查询机柜数据 <<
2019-11-09 20:36:36 INFO - >> 查询机柜数据
2019-11-09 20:36:36 INFO - 查询机柜数据 <<
2019-11-09 20:36:46 INFO - >> 查询机柜数据
2019-11-09 20:36:46 INFO - 查询机柜数据 <<
2019-11-09 20:36:56 INFO - >> 查询机柜数据
2019-11-09 20:36:56 INFO - 查询机柜数据 <<
2019-11-09 20:37:06 INFO - >> 查询机柜数据
2019-11-09 20:37:06 INFO - 查询机柜数据 <<
2019-11-09 20:37:16 INFO - >> 查询机柜数据
2019-11-09 20:37:16 INFO - 查询机柜数据 <<
2019-11-09 20:37:27 INFO - >> 查询机柜数据
2019-11-09 20:37:27 INFO - 查询机柜数据 <<
2019-11-09 20:37:37 INFO - >> 查询机柜数据
2019-11-09 20:37:37 INFO - 查询机柜数据 <<
2019-11-09 20:37:47 INFO - >> 查询机柜数据
2019-11-09 20:37:47 INFO - 查询机柜数据 <<
2019-11-09 20:37:57 INFO - >> 查询机柜数据
2019-11-09 20:37:57 INFO - 查询机柜数据 <<
2019-11-09 20:38:08 INFO - >> 查询机柜数据
2019-11-09 20:38:08 INFO - 查询机柜数据 <<
2019-11-09 20:38:18 INFO - >> 查询机柜数据
2019-11-09 20:38:18 INFO - 查询机柜数据 <<
2019-11-09 20:38:28 INFO - >> 查询机柜数据
2019-11-09 20:38:28 INFO - 查询机柜数据 <<
2019-11-09 20:38:39 INFO - >> 查询机柜数据
2019-11-09 20:38:39 INFO - 查询机柜数据 <<
2019-11-09 20:38:49 INFO - >> 查询机柜数据
2019-11-09 20:38:49 INFO - 查询机柜数据 <<
2019-11-09 20:38:59 INFO - >> 查询机柜数据
2019-11-09 20:38:59 INFO - 查询机柜数据 <<
2019-11-09 20:39:09 INFO - >> 查询机柜数据
2019-11-09 20:39:09 INFO - 查询机柜数据 <<
2019-11-09 20:39:19 INFO - >> 查询机柜数据
2019-11-09 20:39:19 INFO - 查询机柜数据 <<
2019-11-09 20:39:29 INFO - >> 查询机柜数据
2019-11-09 20:39:29 INFO - 查询机柜数据 <<
2019-11-09 20:39:39 INFO - >> 查询机柜数据
2019-11-09 20:39:39 INFO - 查询机柜数据 <<
2019-11-09 20:39:49 INFO - >> 查询机柜数据
2019-11-09 20:39:49 INFO - 查询机柜数据 <<
2019-11-09 20:40:00 INFO - >> 查询机柜数据
2019-11-09 20:40:00 INFO - 查询机柜数据 <<
2019-11-09 20:40:10 INFO - >> 查询机柜数据
2019-11-09 20:40:10 INFO - 查询机柜数据 <<
2019-11-09 20:40:20 INFO - >> 查询机柜数据
2019-11-09 20:40:20 INFO - 查询机柜数据 <<
2019-11-09 20:40:30 INFO - >> 查询机柜数据
2019-11-09 20:40:30 INFO - 查询机柜数据 <<
2019-11-09 20:40:41 INFO - >> 查询机柜数据
2019-11-09 20:40:41 INFO - 查询机柜数据 <<
2019-11-09 20:40:51 INFO - >> 查询机柜数据
2019-11-09 20:40:51 INFO - 查询机柜数据 <<
2019-11-09 20:41:01 INFO - >> 查询机柜数据
2019-11-09 20:41:01 INFO - 查询机柜数据 <<
2019-11-09 20:41:12 INFO - >> 查询机柜数据
2019-11-09 20:41:12 INFO - 查询机柜数据 <<
2019-11-09 20:41:22 INFO - >> 查询机柜数据
2019-11-09 20:41:22 INFO - 查询机柜数据 <<
2019-11-09 20:41:32 INFO - >> 查询机柜数据
2019-11-09 20:41:32 INFO - 查询机柜数据 <<
2019-11-09 20:41:42 INFO - >> 查询机柜数据
2019-11-09 20:41:42 INFO - 查询机柜数据 <<
2019-11-09 20:41:52 INFO - >> 查询机柜数据
2019-11-09 20:41:52 INFO - 查询机柜数据 <<
2019-11-09 20:42:03 INFO - >> 查询机柜数据
2019-11-09 20:42:03 INFO - 查询机柜数据 <<
2019-11-09 20:42:13 INFO - >> 查询机柜数据
2019-11-09 20:42:13 INFO - 查询机柜数据 <<
2019-11-09 20:42:24 INFO - >> 查询机柜数据
2019-11-09 20:42:24 INFO - 查询机柜数据 <<
2019-11-09 20:42:34 INFO - >> 查询机柜数据
2019-11-09 20:42:34 INFO - 查询机柜数据 <<
2019-11-09 20:42:44 INFO - >> 查询机柜数据
2019-11-09 20:42:44 INFO - 查询机柜数据 <<
2019-11-09 20:42:54 INFO - >> 查询机柜数据
2019-11-09 20:42:54 INFO - 查询机柜数据 <<
2019-11-09 20:43:05 INFO - >> 查询机柜数据
2019-11-09 20:43:05 INFO - 查询机柜数据 <<
2019-11-09 20:43:15 INFO - >> 查询机柜数据
2019-11-09 20:43:15 INFO - 查询机柜数据 <<
2019-11-09 20:43:26 INFO - >> 查询机柜数据
2019-11-09 20:43:26 INFO - 查询机柜数据 <<
2019-11-09 20:43:36 INFO - >> 查询机柜数据
2019-11-09 20:43:36 INFO - 查询机柜数据 <<
2019-11-09 20:43:46 INFO - >> 查询机柜数据
2019-11-09 20:43:46 INFO - 查询机柜数据 <<
2019-11-09 20:43:57 INFO - >> 查询机柜数据
2019-11-09 20:43:57 INFO - 查询机柜数据 <<
2019-11-09 20:44:07 INFO - >> 查询机柜数据
2019-11-09 20:44:07 INFO - 查询机柜数据 <<
2019-11-09 20:44:17 INFO - >> 查询机柜数据
2019-11-09 20:44:17 INFO - 查询机柜数据 <<
2019-11-09 20:44:28 INFO - >> 查询机柜数据
2019-11-09 20:44:28 INFO - 查询机柜数据 <<
2019-11-09 20:44:38 INFO - >> 查询机柜数据
2019-11-09 20:44:38 INFO - 查询机柜数据 <<
2019-11-09 20:44:48 INFO - >> 查询机柜数据
2019-11-09 20:44:48 INFO - 查询机柜数据 <<
2019-11-09 20:44:58 INFO - >> 查询机柜数据
2019-11-09 20:44:58 INFO - 查询机柜数据 <<
2019-11-09 20:45:09 INFO - >> 查询机柜数据
2019-11-09 20:45:09 INFO - 查询机柜数据 <<
2019-11-09 20:45:19 INFO - >> 查询机柜数据
2019-11-09 20:45:19 INFO - 查询机柜数据 <<
2019-11-09 20:45:30 INFO - >> 查询机柜数据
2019-11-09 20:45:30 INFO - 查询机柜数据 <<
2019-11-09 20:45:35 INFO - >> 查询全部文章
2019-11-09 20:45:35 INFO - 查询全部文章 <<
2019-11-09 20:45:40 INFO - >> 查询机柜数据
2019-11-09 20:45:40 INFO - 查询机柜数据 <<
2019-11-09 20:45:50 INFO - >> 查询机柜数据
2019-11-09 20:45:50 INFO - 查询机柜数据 <<
2019-11-09 20:46:00 INFO - >> 查询机柜数据
2019-11-09 20:46:00 INFO - 查询机柜数据 <<
2019-11-09 20:46:10 INFO - >> 查询机柜数据
2019-11-09 20:46:10 INFO - 查询机柜数据 <<
2019-11-09 20:46:20 INFO - >> 查询机柜数据
2019-11-09 20:46:20 INFO - 查询机柜数据 <<
2019-11-09 20:46:30 INFO - >> 查询机柜数据
2019-11-09 20:46:30 INFO - 查询机柜数据 <<
2019-11-09 20:46:40 INFO - >> 查询机柜数据
2019-11-09 20:46:40 INFO - 查询机柜数据 <<
2019-11-09 20:46:50 INFO - >> 查询机柜数据
2019-11-09 20:46:50 INFO - 查询机柜数据 <<
2019-11-09 20:47:00 INFO - >> 查询机柜数据
2019-11-09 20:47:00 INFO - 查询机柜数据 <<
2019-11-09 20:47:10 INFO - >> 查询机柜数据
2019-11-09 20:47:10 INFO - 查询机柜数据 <<
2019-11-09 20:47:21 INFO - >> 查询机柜数据
2019-11-09 20:47:21 INFO - 查询机柜数据 <<
2019-11-09 20:47:31 INFO - >> 查询机柜数据
2019-11-09 20:47:31 INFO - 查询机柜数据 <<
2019-11-09 20:47:41 INFO - >> 查询机柜数据
2019-11-09 20:47:41 INFO - 查询机柜数据 <<
2019-11-09 20:47:51 INFO - >> 查询机柜数据
2019-11-09 20:47:51 INFO - 查询机柜数据 <<
2019-11-09 20:48:01 INFO - >> 查询机柜数据
2019-11-09 20:48:01 INFO - 查询机柜数据 <<
2019-11-09 21:00:35 INFO - >> 查询全部文章
2019-11-09 21:00:35 INFO - 查询全部文章 <<
